<?xml version="1.0" encoding="UTF-8"?>
<!-- Generated by org.testng.reporters.JUnitReportReporter -->
<testsuite hostname="19FMUCHH010209" failures="0" tests="2" name="mobileAutomation.NotPossible" time="7.749" errors="0" timestamp="2025-08-14T20:11:07 IST" skipped="0">
  <testcase classname="mobileAutomation.NotPossible" name="startTest" time="4.581"/>
  <testcase classname="mobileAutomation.NotPossible" name="startTest" time="3.168"/>
</testsuite> <!-- mobileAutomation.NotPossible -->
